<?xml version="1.0" encoding="UTF-8"?>
<!-- Generated by org.testng.reporters.JUnitXMLReporter -->
<testsuite hostname="Bayramguls-MacBook-Air.local" ignored="0" name="Default test" tests="3" failures="0" timestamp="2020-05-30T14:05:22 EDT" time="27.952" errors="0">
  <testcase name="InvalidPasswordAdminLogin" time="2.92" classname="com.hrms.testcases.LoginPageTest_TestNG"/>
  <testcase name="emptyUsername" time="0.589" classname="com.hrms.testcases.LoginPageTest_TestNG"/>
  <testcase name="validAdminLogin" time="3.485" classname="com.hrms.testcases.LoginPageTest_TestNG"/>
</testsuite> <!-- Default test -->
