<?xml version="1.0" encoding="UTF-8"?>
<!-- Generated by org.testng.reporters.JUnitXMLReporter -->
<testsuite hostname="Bayramguls-MacBook-Air.local" ignored="1" name="Regression Test" tests="2" failures="1" timestamp="2020-05-30T14:35:52 EDT" time="16.505" errors="0">
  <testcase name="InvalidPasswordAdminLogin" time="2.067" classname="com.hrms.testcases.LoginPageTest_TestNG"/>
  <testcase name="emptyUsername" time="0.742" classname="com.hrms.testcases.LoginPageTest_TestNG">
    <failure type="java.lang.AssertionError" message="Username cannot be empty expected:&amp;lt;Username cannot be empty&amp;gt; but was:&amp;lt;Error Messages doesn&amp;apos;t match&amp;gt;">
      <![CDATA[java.lang.AssertionError: Username cannot be empty expected:<Username cannot be empty> but was:<Error Messages doesn't match>
at com.hrms.testcases.LoginPageTest_TestNG.emptyUsername(LoginPageTest_TestNG.java:51)
at java.util.ArrayList.forEach(ArrayList.java:1257)
... Removed 28 stack frames]]>
    </failure>
  </testcase> <!-- emptyUsername -->
  <testcase name="validAdminLogin" time="0.0" classname="com.hrms.testcases.LoginPageTest_TestNG">
    <ignored/>
  </testcase> <!-- validAdminLogin -->
</testsuite> <!-- Regression Test -->
